0 info it worked if it ends with ok
1 verbose cli [ '/usr/local/bin/node',
1 verbose cli   '/usr/local/bin/npm',
1 verbose cli   'install',
1 verbose cli   '--save-dev',
1 verbose cli   'transform-react-jsx' ]
2 info using npm@2.11.3
3 info using node@v0.12.7
4 verbose install initial load of /home/geezhawk/dev/three_digit/package.json
5 warn package.json three-digit@0.0.1 No repository field.
6 verbose installManyTop reading scoped package data from /home/geezhawk/dev/three_digit/node_modules/babel/package.json
7 verbose installManyTop reading scoped package data from /home/geezhawk/dev/three_digit/node_modules/babel-core/package.json
8 verbose installManyTop reading scoped package data from /home/geezhawk/dev/three_digit/node_modules/babel-loader/package.json
9 verbose installManyTop reading scoped package data from /home/geezhawk/dev/three_digit/node_modules/babel-preset-react/package.json
10 verbose installManyTop reading scoped package data from /home/geezhawk/dev/three_digit/node_modules/css-loader/package.json
11 verbose installManyTop reading scoped package data from /home/geezhawk/dev/three_digit/node_modules/expose-loader/package.json
12 verbose installManyTop reading scoped package data from /home/geezhawk/dev/three_digit/node_modules/extract-text-webpack-plugin/package.json
13 verbose installManyTop reading scoped package data from /home/geezhawk/dev/three_digit/node_modules/file-loader/package.json
14 verbose installManyTop reading scoped package data from /home/geezhawk/dev/three_digit/node_modules/jquery/package.json
15 verbose installManyTop reading scoped package data from /home/geezhawk/dev/three_digit/node_modules/jquery-loader/package.json
16 verbose installManyTop reading scoped package data from /home/geezhawk/dev/three_digit/node_modules/react/package.json
17 verbose installManyTop reading scoped package data from /home/geezhawk/dev/three_digit/node_modules/react-dom/package.json
18 verbose installManyTop reading scoped package data from /home/geezhawk/dev/three_digit/node_modules/react-router/package.json
19 verbose installManyTop reading scoped package data from /home/geezhawk/dev/three_digit/node_modules/style-loader/package.json
20 verbose installManyTop reading scoped package data from /home/geezhawk/dev/three_digit/node_modules/url-loader/package.json
21 verbose installManyTop reading scoped package data from /home/geezhawk/dev/three_digit/node_modules/webpack/package.json
22 verbose installManyTop reading scoped package data from /home/geezhawk/dev/three_digit/node_modules/webpack-bundle-tracker/package.json
23 info package.json expose-loader@0.7.1 No license field.
24 info package.json jquery-loader@2.1.1 No license field.
25 verbose readDependencies loading dependencies from /home/geezhawk/dev/three_digit/package.json
26 silly cache add args [ 'transform-react-jsx', null ]
27 verbose cache add spec transform-react-jsx
28 silly cache add parsed spec { raw: 'transform-react-jsx',
28 silly cache add   scope: null,
28 silly cache add   name: 'transform-react-jsx',
28 silly cache add   rawSpec: '',
28 silly cache add   spec: '*',
28 silly cache add   type: 'range' }
29 silly addNamed transform-react-jsx@*
30 verbose addNamed "*" is a valid semver range for transform-react-jsx
31 silly addNameRange { name: 'transform-react-jsx', range: '*', hasData: false }
32 silly mapToRegistry name transform-react-jsx
33 silly mapToRegistry using default registry
34 silly mapToRegistry registry https://registry.npmjs.org/
35 silly mapToRegistry uri https://registry.npmjs.org/transform-react-jsx
36 verbose addNameRange registry:https://registry.npmjs.org/transform-react-jsx not in flight; fetching
37 verbose request uri https://registry.npmjs.org/transform-react-jsx
38 verbose request no auth needed
39 info attempt registry request try #1 at 15:46:27
40 verbose request id f1903c30f5b28ae8
41 http request GET https://registry.npmjs.org/transform-react-jsx
42 http 404 https://registry.npmjs.org/transform-react-jsx
43 verbose headers { 'content-type': 'application/json',
43 verbose headers   'cache-control': 'max-age=0',
43 verbose headers   'content-length': '2',
43 verbose headers   'accept-ranges': 'bytes',
43 verbose headers   date: 'Sat, 20 Feb 2016 08:46:28 GMT',
43 verbose headers   via: '1.1 varnish',
43 verbose headers   age: '0',
43 verbose headers   connection: 'keep-alive',
43 verbose headers   'x-served-by': 'cache-hkg6823-HKG',
43 verbose headers   'x-cache': 'MISS',
43 verbose headers   'x-cache-hits': '0',
43 verbose headers   'x-timer': 'S1455957988.783956,VS0,VE183' }
44 silly get cb [ 404,
44 silly get   { 'content-type': 'application/json',
44 silly get     'cache-control': 'max-age=0',
44 silly get     'content-length': '2',
44 silly get     'accept-ranges': 'bytes',
44 silly get     date: 'Sat, 20 Feb 2016 08:46:28 GMT',
44 silly get     via: '1.1 varnish',
44 silly get     age: '0',
44 silly get     connection: 'keep-alive',
44 silly get     'x-served-by': 'cache-hkg6823-HKG',
44 silly get     'x-cache': 'MISS',
44 silly get     'x-cache-hits': '0',
44 silly get     'x-timer': 'S1455957988.783956,VS0,VE183' } ]
45 verbose stack Error: Registry returned 404 for GET on https://registry.npmjs.org/transform-react-jsx
45 verbose stack     at CachingRegistryClient.<anonymous> (/usr/local/lib/node_modules/npm/node_modules/npm-registry-client/lib/request.js:239:14)
45 verbose stack     at Request._callback (/usr/local/lib/node_modules/npm/node_modules/npm-registry-client/lib/request.js:170:14)
45 verbose stack     at Request.self.callback (/usr/local/lib/node_modules/npm/node_modules/request/request.js:354:22)
45 verbose stack     at Request.emit (events.js:110:17)
45 verbose stack     at Request.<anonymous> (/usr/local/lib/node_modules/npm/node_modules/request/request.js:1207:14)
45 verbose stack     at Request.emit (events.js:129:20)
45 verbose stack     at IncomingMessage.<anonymous> (/usr/local/lib/node_modules/npm/node_modules/request/request.js:1153:12)
45 verbose stack     at IncomingMessage.emit (events.js:129:20)
45 verbose stack     at _stream_readable.js:908:16
45 verbose stack     at process._tickCallback (node.js:355:11)
46 verbose statusCode 404
47 verbose pkgid transform-react-jsx
48 verbose cwd /home/geezhawk/dev/three_digit
49 error Linux 3.16.0-38-generic
50 error argv "/usr/local/bin/node" "/usr/local/bin/npm" "install" "--save-dev" "transform-react-jsx"
51 error node v0.12.7
52 error npm  v2.11.3
53 error code E404
54 error 404 Registry returned 404 for GET on https://registry.npmjs.org/transform-react-jsx
54 error 404
54 error 404 'transform-react-jsx' is not in the npm registry.
54 error 404 You should bug the author to publish it (or use the name yourself!)
54 error 404 It was specified as a dependency of 'three-digit'
54 error 404
54 error 404 Note that you can also install from a
54 error 404 tarball, folder, http url, or git url.
55 verbose exit [ 1, true ]
